This file contains any messages produced by compilers while
running configure, to aid debugging if configure makes a mistake.

It was created by amhello configure 1.0, which was
generated by GNU Autoconf 2.71.  Invocation command line was

  $ ./configure

## --------- ##
## Platform. ##
## --------- ##

hostname = legion
uname -m = x86_64
uname -r = 5.12.12-arch1-1
uname -s = Linux
uname -v = #1 SMP PREEMPT Fri, 18 Jun 2021 21:59:22 +0000

/usr/bin/uname -p = unknown
/bin/uname -X     = unknown

/bin/arch              = unknown
/usr/bin/arch -k       = unknown
/usr/convex/getsysinfo = unknown
/usr/bin/hostinfo      = unknown
/bin/machine           = unknown
/usr/bin/oslevel       = unknown
/bin/universe          = unknown

PATH: /home/miguel/.local/bin/
PATH: /usr/local/sbin/
PATH: /usr/local/bin/
PATH: /usr/bin/
PATH: /usr/bin/site_perl/
PATH: /usr/bin/vendor_perl/
PATH: /usr/bin/core_perl/


## ----------- ##
## Core tests. ##
## ----------- ##

configure:2094: looking for aux files: compile missing install-sh
configure:2107:  trying ./
configure:2136:   ./compile found
configure:2136:   ./missing found
configure:2118:   ./install-sh found
configure:2265: checking for a BSD-compatible install
configure:2338: result: /usr/bin/install -c
configure:2349: checking whether build environment is sane
configure:2404: result: yes
configure:2563: checking for a race-free mkdir -p
configure:2607: result: /usr/bin/mkdir -p
configure:2614: checking for gawk
configure:2635: found /usr/bin/gawk
configure:2646: result: gawk
configure:2657: checking whether make sets $(MAKE)
configure:2680: result: yes
configure:2710: checking whether make supports nested variables
configure:2728: result: yes
configure:2912: checking for gcc
configure:2933: found /usr/bin/gcc
configure:2944: result: gcc
configure:3297: checking for C compiler version
configure:3306: gcc --version >&5
gcc (GCC) 11.1.0
Copyright (C) 2021 Free Software Foundation, Inc.
This is free software; see the source for copying conditions.  There is NO
warranty; not even for MERCHANTABILITY or FITNESS FOR A PARTICULAR PURPOSE.

configure:3317: $? = 0
configure:3306: gcc -v >&5
Using built-in specs.
COLLECT_GCC=gcc
COLLECT_LTO_WRAPPER=/usr/lib/gcc/x86_64-pc-linux-gnu/11.1.0/lto-wrapper
Target: x86_64-pc-linux-gnu
Configured with: /build/gcc/src/gcc/configure --prefix=/usr --libdir=/usr/lib --libexecdir=/usr/lib --mandir=/usr/share/man --infodir=/usr/share/info --with-bugurl=https://bugs.archlinux.org/ --enable-languages=c,c++,ada,fortran,go,lto,objc,obj-c++,d --with-isl --with-linker-hash-style=gnu --with-system-zlib --enable-__cxa_atexit --enable-cet=auto --enable-checking=release --enable-clocale=gnu --enable-default-pie --enable-default-ssp --enable-gnu-indirect-function --enable-gnu-unique-object --enable-install-libiberty --enable-linker-build-id --enable-lto --enable-multilib --enable-plugin --enable-shared --enable-threads=posix --disable-libssp --disable-libstdcxx-pch --disable-libunwind-exceptions --disable-werror gdc_include_dir=/usr/include/dlang/gdc
Thread model: posix
Supported LTO compression algorithms: zlib zstd
gcc version 11.1.0 (GCC) 
configure:3317: $? = 0
configure:3306: gcc -V >&5
gcc: error: unrecognized command-line option '-V'
gcc: fatal error: no input files
compilation terminated.
configure:3317: $? = 1
configure:3306: gcc -qversion >&5
gcc: error: unrecognized command-line option '-qversion'; did you mean '--version'?
gcc: fatal error: no input files
compilation terminated.
configure:3317: $? = 1
configure:3306: gcc -version >&5
gcc: error: unrecognized command-line option '-version'
gcc: fatal error: no input files
compilation terminated.
configure:3317: $? = 1
configure:3337: checking whether the C compiler works
configure:3359: gcc    conftest.c  >&5
configure:3363: $? = 0
configure:3413: result: yes
configure:3416: checking for C compiler default output file name
configure:3418: result: a.out
configure:3424: checking for suffix of executables
configure:3431: gcc -o conftest    conftest.c  >&5
configure:3435: $? = 0
configure:3458: result: 
configure:3480: checking whether we are cross compiling
configure:3488: gcc -o conftest    conftest.c  >&5
configure:3492: $? = 0
configure:3499: ./conftest
configure:3503: $? = 0
configure:3518: result: no
configure:3523: checking for suffix of object files
configure:3546: gcc -c   conftest.c >&5
configure:3550: $? = 0
configure:3572: result: o
configure:3576: checking whether the compiler supports GNU C
configure:3596: gcc -c   conftest.c >&5
configure:3596: $? = 0
configure:3606: result: yes
configure:3617: checking whether gcc accepts -g
configure:3638: gcc -c -g  conftest.c >&5
configure:3638: $? = 0
configure:3682: result: yes
configure:3702: checking for gcc option to enable C11 features
configure:3717: gcc  -c -g -O2  conftest.c >&5
configure:3717: $? = 0
configure:3735: result: none needed
configure:3851: checking whether gcc understands -c and -o together
configure:3874: gcc -c conftest.c -o conftest2.o
configure:3877: $? = 0
configure:3874: gcc -c conftest.c -o conftest2.o
configure:3877: $? = 0
configure:3889: result: yes
configure:3909: checking whether make supports the include directive
configure:3924: make -f confmf.GNU && cat confinc.out
this is the am__doit target
configure:3927: $? = 0
configure:3946: result: yes (GNU style)
configure:3972: checking dependency style of gcc
configure:4084: result: gcc3
configure:4204: checking that generated files are newer than configure
configure:4210: result: done
configure:4233: creating ./config.status

## ---------------------- ##
## Running config.status. ##
## ---------------------- ##

This file was extended by amhello config.status 1.0, which was
generated by GNU Autoconf 2.71.  Invocation command line was

  CONFIG_FILES    = 
  CONFIG_HEADERS  = 
  CONFIG_LINKS    = 
  CONFIG_COMMANDS = 
  $ ./config.status 

on legion

config.status:834: creating Makefile
config.status:834: creating src/Makefile
config.status:834: creating config.h
config.status:1015: config.h is unchanged
config.status:1063: executing depfiles commands
config.status:1140: cd src       && sed -e '/# am--include-marker/d' Makefile         | make -f - am--depfiles
make: Nothing to be done for 'am--depfiles'.
config.status:1145: $? = 0

## ---------------- ##
## Cache variables. ##
## ---------------- ##

ac_cv_c_compiler_gnu=yes
ac_cv_env_CC_set=
ac_cv_env_CC_value=
ac_cv_env_CFLAGS_set=
ac_cv_env_CFLAGS_value=
ac_cv_env_CPPFLAGS_set=
ac_cv_env_CPPFLAGS_value=
ac_cv_env_LDFLAGS_set=
ac_cv_env_LDFLAGS_value=
ac_cv_env_LIBS_set=
ac_cv_env_LIBS_value=
ac_cv_env_build_alias_set=
ac_cv_env_build_alias_value=
ac_cv_env_host_alias_set=
ac_cv_env_host_alias_value=
ac_cv_env_target_alias_set=
ac_cv_env_target_alias_value=
ac_cv_objext=o
ac_cv_path_install='/usr/bin/install -c'
ac_cv_path_mkdir=/usr/bin/mkdir
ac_cv_prog_AWK=gawk
ac_cv_prog_ac_ct_CC=gcc
ac_cv_prog_cc_c11=
ac_cv_prog_cc_g=yes
ac_cv_prog_cc_stdc=
ac_cv_prog_make_make_set=yes
am_cv_CC_dependencies_compiler_type=gcc3
am_cv_make_support_nested_variables=yes
am_cv_prog_cc_c_o=yes

## ----------------- ##
## Output variables. ##
## ----------------- ##

ACLOCAL='${SHELL} '\''/home/miguel/Documents/SO/Tareas/Tarea1/prueba/missing'\'' aclocal-1.16'
AMDEPBACKSLASH='\'
AMDEP_FALSE='#'
AMDEP_TRUE=''
AMTAR='$${TAR-tar}'
AM_BACKSLASH='\'
AM_DEFAULT_V='$(AM_DEFAULT_VERBOSITY)'
AM_DEFAULT_VERBOSITY='1'
AM_V='$(V)'
AUTOCONF='${SHELL} '\''/home/miguel/Documents/SO/Tareas/Tarea1/prueba/missing'\'' autoconf'
AUTOHEADER='${SHELL} '\''/home/miguel/Documents/SO/Tareas/Tarea1/prueba/missing'\'' autoheader'
AUTOMAKE='${SHELL} '\''/home/miguel/Documents/SO/Tareas/Tarea1/prueba/missing'\'' automake-1.16'
AWK='gawk'
CC='gcc'
CCDEPMODE='depmode=gcc3'
CFLAGS='-g -O2'
CPPFLAGS=''
CYGPATH_W='echo'
DEFS='-DHAVE_CONFIG_H'
DEPDIR='.deps'
ECHO_C=''
ECHO_N='-n'
ECHO_T=''
EXEEXT=''
INSTALL_DATA='${INSTALL} -m 644'
INSTALL_PROGRAM='${INSTALL}'
INSTALL_SCRIPT='${INSTALL}'
INSTALL_STRIP_PROGRAM='$(install_sh) -c -s'
LDFLAGS=''
LIBOBJS=''
LIBS=''
LTLIBOBJS=''
MAKEINFO='${SHELL} '\''/home/miguel/Documents/SO/Tareas/Tarea1/prueba/missing'\'' makeinfo'
MKDIR_P='/usr/bin/mkdir -p'
OBJEXT='o'
PACKAGE='amhello'
PACKAGE_BUGREPORT='bug-automake@gnu.org'
PACKAGE_NAME='amhello'
PACKAGE_STRING='amhello 1.0'
PACKAGE_TARNAME='amhello'
PACKAGE_URL=''
PACKAGE_VERSION='1.0'
PATH_SEPARATOR=':'
SET_MAKE=''
SHELL='/bin/sh'
STRIP=''
VERSION='1.0'
ac_ct_CC='gcc'
am__EXEEXT_FALSE=''
am__EXEEXT_TRUE='#'
am__fastdepCC_FALSE='#'
am__fastdepCC_TRUE=''
am__include='include'
am__isrc=''
am__leading_dot='.'
am__nodep='_no'
am__quote=''
am__tar='$${TAR-tar} chof - "$$tardir"'
am__untar='$${TAR-tar} xf -'
bindir='${exec_prefix}/bin'
build_alias=''
datadir='${datarootdir}'
datarootdir='${prefix}/share'
docdir='${datarootdir}/doc/${PACKAGE_TARNAME}'
dvidir='${docdir}'
exec_prefix='${prefix}'
host_alias=''
htmldir='${docdir}'
includedir='${prefix}/include'
infodir='${datarootdir}/info'
install_sh='${SHELL} /home/miguel/Documents/SO/Tareas/Tarea1/prueba/install-sh'
libdir='${exec_prefix}/lib'
libexecdir='${exec_prefix}/libexec'
localedir='${datarootdir}/locale'
localstatedir='${prefix}/var'
mandir='${datarootdir}/man'
mkdir_p='$(MKDIR_P)'
oldincludedir='/usr/include'
pdfdir='${docdir}'
prefix='/usr/local'
program_transform_name='s,x,x,'
psdir='${docdir}'
runstatedir='${localstatedir}/run'
sbindir='${exec_prefix}/sbin'
sharedstatedir='${prefix}/com'
sysconfdir='${prefix}/etc'
target_alias=''

## ----------- ##
## confdefs.h. ##
## ----------- ##

/* confdefs.h */
#define PACKAGE_NAME "amhello"
#define PACKAGE_TARNAME "amhello"
#define PACKAGE_VERSION "1.0"
#define PACKAGE_STRING "amhello 1.0"
#define PACKAGE_BUGREPORT "bug-automake@gnu.org"
#define PACKAGE_URL ""
#define PACKAGE "amhello"
#define VERSION "1.0"

configure: exit 0
